<?xml version="1.0" encoding="UTF-8"?>
<!-- Generated by org.testng.reporters.JUnitXMLReporter -->
<testsuite ignored="0" hostname="appventurez-HP-ProBook-440-G1" failures="0" tests="1" name="Test" time="0.045" errors="0" timestamp="10 Jul 2019 05:17:04 GMT">
  <testcase classname="com.website.pages.BaseClass" name="@BeforeTest setup" time="0.001">
    <failure type="java.lang.NullPointerException">
      <![CDATA[java.lang.NullPointerException
	at com.website.pages.BaseClass.setup(BaseClass.java:55)
... Removed 23 stack frames]]>
    </failure>
  </testcase> <!-- @BeforeTest setup -->
  <testcase classname="com.website.pages.BaseClass" name="@AfterTest TearDown" time="0.0">
    <skipped/>
  </testcase> <!-- @AfterTest TearDown -->
  <testcase classname="com.website.testcases.LoginTest" name="TestLogin" time="0.0">
    <skipped/>
  </testcase> <!-- TestLogin -->
</testsuite> <!-- Test -->
